[0/1] Planning build
[1/1] Compiling plugin GenerateManual
[2/2] Compiling plugin GenerateDoccReference
Building for debugging...
[2/9] Write swift-version-596C98914D6876CD.txt
[4/10] Emitting module MonadCore
[5/19] Emitting module MonadClient
[6/19] Compiling MonadCoreTests LoopDetectionTests.swift
[7/19] Compiling MonadCoreTests PersistenceImmutabilityTests.swift
[8/19] Compiling MonadCoreTests MigrationTests.swift
[9/19] Compiling MonadCoreTests MockVectorStoreTests.swift
[10/19] Compiling MonadCoreTests ModelSerializationTests.swift
/Volumes/Development/monad-project/Tests/MonadCoreTests/ModelSerializationTests.swift:110:20: error: cannot find 'Note' in scope
108 |     @Test("Note JSON Serialization")
109 |     func testNoteJSON() throws {
110 |         let note = Note(
    |                    `- error: cannot find 'Note' in scope
111 |             id: UUID(),
112 |             name: "My Note",

/Volumes/Development/monad-project/Tests/MonadCoreTests/ModelSerializationTests.swift:119:48: error: cannot find 'Note' in scope
117 | 
118 |         let data = try JSONEncoder().encode(note)
119 |         let decoded = try JSONDecoder().decode(Note.self, from: data)
    |                                                `- error: cannot find 'Note' in scope
120 | 
121 |         #expect(decoded.name == note.name)

/Volumes/Development/monad-project/Tests/MonadCoreTests/ModelSerializationTests.swift:119:41: error: type of expression is ambiguous without a type annotation
117 | 
118 |         let data = try JSONEncoder().encode(note)
119 |         let decoded = try JSONDecoder().decode(Note.self, from: data)
    |                                         `- error: type of expression is ambiguous without a type annotation
120 | 
121 |         #expect(decoded.name == note.name)
[11/20] Emitting module MonadCLITests
[12/20] Emitting module MonadServer
[13/18] Emitting module MonadCoreTests
[14/18] Compiling MonadCoreTests JobQueueTests.swift
[15/18] Compiling MonadCoreTests LLMServiceTests.swift
/Volumes/Development/monad-project/Tests/MonadCoreTests/LLMServiceTests.swift:31:13: error: cannot find 'Note' in scope
 29 |         let promptBuilder = PromptBuilder()
 30 |         let notes = [
 31 |             Note(name: "Test Note", content: "Note Content")
    |             `- error: cannot find 'Note' in scope
 32 |         ]
 33 |         let history = [
[16/19] Emitting module MonadServerTests
[17/19] Compiling MonadCoreTests PersistenceTests.swift
error: fatalError
